  Building Custom Rule C:/Users/Administrator/Desktop/TrinityCore/dep/protobuf/CMakeLists.txt
  importer.cc
  parser.cc
  descriptor.cc
  descriptor.pb.cc
  descriptor_database.cc
  dynamic_message.cc
  extension_set.cc
  extension_set_heavy.cc
  generated_message_reflection.cc
  generated_message_util.cc
  coded_stream.cc
  gzip_stream.cc
  printer.cc
  strtod.cc
  tokenizer.cc
  zero_copy_stream.cc
  zero_copy_stream_impl.cc
  zero_copy_stream_impl_lite.cc
  message.cc
  message_lite.cc
  reflection_ops.cc
  repeated_field.cc
  service.cc
  common.cc
  once.cc
  stringprintf.cc
  structurally_valid.cc
  strutil.cc
  substitute.cc
  text_format.cc
  unknown_field_set.cc
  wire_format.cc
  wire_format_lite.cc
  atomicops_internals_x86_msvc.cc
  protobuf.vcxproj -> C:\Users\Administrator\Desktop\TC\Build\dep\protobuf\RelWithDebInfo\protobuf.lib
