  Building Custom Rule C:/Users/Administrator/Desktop/TrinityCore/src/server/proto/CMakeLists.txt
  cmake_pch.cxx
  ServiceBase.cpp
  account_service.pb.cc
  account_types.pb.cc
  authentication_service.pb.cc
  challenge_service.pb.cc
  connection_service.pb.cc
  content_handle_types.pb.cc
  entity_types.pb.cc
  ets_types.pb.cc
  friends_service.pb.cc
  friends_types.pb.cc
  game_utilities_service.pb.cc
  game_utilities_types.pb.cc
  presence_listener.pb.cc
  presence_service.pb.cc
  presence_types.pb.cc
  profanity_filter_config.pb.cc
  resource_service.pb.cc
  role_types.pb.cc
  rpc_config.pb.cc
  rpc_types.pb.cc
  semantic_version.pb.cc
  block_list_listener.pb.cc
  block_list_service.pb.cc
  block_list_types.pb.cc
  channel_id.pb.cc
  channel_types.pb.cc
  club_ban.pb.cc
  club_invitation.pb.cc
  club_listener.pb.cc
  club_member.pb.cc
  club_membership_listener.pb.cc
  club_membership_service.pb.cc
  club_membership_types.pb.cc
  club_name_generator.pb.cc
  club_notification.pb.cc
  club_range_set.pb.cc
  club_request.pb.cc
  club_role.pb.cc
  club_service.pb.cc
  club_stream.pb.cc
  club_types.pb.cc
  notification_listener.pb.cc
  whisper_listener.pb.cc
  whisper_service.pb.cc
  club_member_id.pb.cc
  club_tag.pb.cc
  club_type.pb.cc
  game_account_handle.pb.cc
  whisper_types.pb.cc
  field_options.pb.cc
  message_options.pb.cc
  method_options.pb.cc
  range.pb.cc
  register_method_types.pb.cc
  routing.pb.cc
  service_options.pb.cc
  Login.pb.cc
  RealmList.pb.cc
  attribute_types.pb.cc
  embed_types.pb.cc
  event_view_types.pb.cc
  invitation_types.pb.cc
  message_types.pb.cc
  notification_service.pb.cc
  notification_types.pb.cc
  report_service.pb.cc
  report_types.pb.cc
  voice_types.pb.cc
  club_core.pb.cc
  club_enum.pb.cc
  notification_service.pb.cc
  notification_types.pb.cc
  report_service.pb.cc
  report_types.pb.cc
  club_core.pb.cc
  club_enum.pb.cc
  embed_types.pb.cc
  event_view_types.pb.cc
  invitation_types.pb.cc
  message_types.pb.cc
  voice_types.pb.cc
  attribute_types.pb.cc
  proto.vcxproj -> C:\Users\Administrator\Desktop\TC\Build\src\server\proto\RelWithDebInfo\proto.lib
